# JRE version: Java(TM) SE Runtime Environment (20.0.1+9) (build 20.0.1+9-29)
# Java VM: Java HotSpot(TM) 64-Bit Server VM (20.0.1+9-29, mixed mode, emulated-client, sharing, tiered, compressed oops, compressed class ptrs, g1 gc, windows-amd64)
GC Precious Log:
 CardTable entry size: 512
 Card Set container configuration: InlinePtr #cards 4 size 8 Array Of Cards #cards 16 size 48 Howl #buckets 8 coarsen threshold 3686 Howl Bitmap #cards 512 size 80 coarsen threshold 460 Card regions per heap region 1 cards per card region 4096
 CPUs: 8 total, 8 available
 Memory: 12185M
 Large Page Support: Disabled
 NUMA Support: Disabled
 Compressed Oops: Enabled (Zero based)
 Heap Region Size: 2M
 Heap Min Capacity: 8M
 Heap Initial Capacity: 192M
 Heap Max Capacity: 3048M
 Pre-touch: Disabled
 Parallel Workers: 8
 Concurrent Workers: 2
 Concurrent Refinement Workers: 8
 Periodic GC: Disabled
Heap:
 garbage-first heap   total 83968K, used 48207K [0x0000000741800000, 0x0000000800000000)
  region size 2048K, 4 young (8192K), 2 survivors (4096K)
 Metaspace       used 69083K, committed 69760K, reserved 1114112K
  class space    used 9850K, committed 10176K, reserved 1048576K
GC Heap History (20 events):
Event: 6.284 GC heap before
{Heap before GC invocations=5 (full 0):
 garbage-first heap   total 69632K, used 51934K [0x0000000741800000, 0x0000000800000000)
  region size 2048K, 20 young (40960K), 3 survivors (6144K)
 Metaspace       used 27696K, committed 28096K, reserved 1114112K
  class space    used 3713K, committed 3904K, reserved 1048576K
}
Event: 6.297 GC heap after
{Heap after GC invocations=6 (full 0):
 garbage-first heap   total 69632K, used 17947K [0x0000000741800000, 0x0000000800000000)
  region size 2048K, 3 young (6144K), 3 survivors (6144K)
 Metaspace       used 27696K, committed 28096K, reserved 1114112K
  class space    used 3713K, committed 3904K, reserved 1048576K
}
Event: 7.146 GC heap before
{Heap before GC invocations=6 (full 0):
 garbage-first heap   total 69632K, used 52763K [0x0000000741800000, 0x0000000800000000)
  region size 2048K, 20 young (40960K), 3 survivors (6144K)
 Metaspace       used 32282K, committed 32704K, reserved 1114112K
  class space    used 4489K, committed 4672K, reserved 1048576K
}
Event: 7.161 GC heap after
{Heap after GC invocations=7 (full 0):
 garbage-first heap   total 69632K, used 20684K [0x0000000741800000, 0x0000000800000000)
  region size 2048K, 3 young (6144K), 3 survivors (6144K)
 Metaspace       used 32282K, committed 32704K, reserved 1114112K
  class space    used 4489K, committed 4672K, reserved 1048576K
}
Event: 7.827 GC heap before
{Heap before GC invocations=7 (full 0):
 garbage-first heap   total 69632K, used 49356K [0x0000000741800000, 0x0000000800000000)
  region size 2048K, 18 young (36864K), 3 survivors (6144K)
 Metaspace       used 35690K, committed 36096K, reserved 1114112K
  class space    used 5047K, committed 5248K, reserved 1048576K
}
Event: 7.846 GC heap after
{Heap after GC invocations=8 (full 0):
 garbage-first heap   total 83968K, used 23218K [0x0000000741800000, 0x0000000800000000)
  region size 2048K, 3 young (6144K), 3 survivors (6144K)
 Metaspace       used 35690K, committed 36096K, reserved 1114112K
  class space    used 5047K, committed 5248K, reserved 1048576K
}
Event: 8.714 GC heap before
{Heap before GC invocations=9 (full 0):
 garbage-first heap   total 83968K, used 66226K [0x0000000741800000, 0x0000000800000000)
  region size 2048K, 24 young (49152K), 3 survivors (6144K)
 Metaspace       used 40686K, committed 41216K, reserved 1114112K
  class space    used 5691K, committed 5952K, reserved 1048576K
}
Event: 8.722 GC heap after
{Heap after GC invocations=10 (full 0):
 garbage-first heap   total 83968K, used 26635K [0x0000000741800000, 0x0000000800000000)
  region size 2048K, 2 young (4096K), 2 survivors (4096K)
 Metaspace       used 40686K, committed 41216K, reserved 1114112K
  class space    used 5691K, committed 5952K, reserved 1048576K
}
Event: 9.853 GC heap before
{Heap before GC invocations=10 (full 0):
 garbage-first heap   total 83968K, used 69643K [0x0000000741800000, 0x0000000800000000)
  region size 2048K, 23 young (47104K), 2 survivors (4096K)
 Metaspace       used 49943K, committed 50496K, reserved 1114112K
  class space    used 7061K, committed 7296K, reserved 1048576K
}
Event: 9.860 GC heap after
{Heap after GC invocations=11 (full 0):
 garbage-first heap   total 83968K, used 30968K [0x0000000741800000, 0x0000000800000000)
  region size 2048K, 3 young (6144K), 3 survivors (6144K)
 Metaspace       used 49943K, committed 50496K, reserved 1114112K
  class space    used 7061K, committed 7296K, reserved 1048576K
}
Event: 10.681 GC heap before
{Heap before GC invocations=11 (full 0):
 garbage-first heap   total 83968K, used 69880K [0x0000000741800000, 0x0000000800000000)
  region size 2048K, 22 young (45056K), 3 survivors (6144K)
 Metaspace       used 56882K, committed 57408K, reserved 1114112K
  class space    used 8089K, committed 8320K, reserved 1048576K
}
Event: 10.689 GC heap after
{Heap after GC invocations=12 (full 0):
 garbage-first heap   total 83968K, used 36339K [0x0000000741800000, 0x0000000800000000)
  region size 2048K, 3 young (6144K), 3 survivors (6144K)
 Metaspace       used 56882K, committed 57408K, reserved 1114112K
  class space    used 8089K, committed 8320K, reserved 1048576K
}
Event: 11.157 GC heap before
{Heap before GC invocations=12 (full 0):
 garbage-first heap   total 83968K, used 60915K [0x0000000741800000, 0x0000000800000000)
  region size 2048K, 16 young (32768K), 3 survivors (6144K)
 Metaspace       used 60272K, committed 60736K, reserved 1114112K
  class space    used 8561K, committed 8768K, reserved 1048576K
}
Event: 11.161 GC heap after
{Heap after GC invocations=13 (full 0):
 garbage-first heap   total 83968K, used 38512K [0x0000000741800000, 0x0000000800000000)
  region size 2048K, 1 young (2048K), 1 survivors (2048K)
 Metaspace       used 60272K, committed 60736K, reserved 1114112K
  class space    used 8561K, committed 8768K, reserved 1048576K
}
Event: 11.872 GC heap before
{Heap before GC invocations=14 (full 0):
 garbage-first heap   total 83968K, used 69232K [0x0000000741800000, 0x0000000800000000)
  region size 2048K, 17 young (34816K), 1 survivors (2048K)
 Metaspace       used 65179K, committed 65792K, reserved 1114112K
  class space    used 9236K, committed 9536K, reserved 1048576K
}
Event: 11.877 GC heap after
{Heap after GC invocations=15 (full 0):
 garbage-first heap   total 83968K, used 41473K [0x0000000741800000, 0x0000000800000000)
  region size 2048K, 3 young (6144K), 3 survivors (6144K)
 Metaspace       used 65179K, committed 65792K, reserved 1114112K
  class space    used 9236K, committed 9536K, reserved 1048576K
}
Event: 12.551 GC heap before
{Heap before GC invocations=15 (full 0):
 garbage-first heap   total 83968K, used 70145K [0x0000000741800000, 0x0000000800000000)
  region size 2048K, 17 young (34816K), 3 survivors (6144K)
 Metaspace       used 66835K, committed 67520K, reserved 1114112K
  class space    used 9499K, committed 9792K, reserved 1048576K
}
Event: 12.558 GC heap after
{Heap after GC invocations=16 (full 0):
 garbage-first heap   total 83968K, used 43400K [0x0000000741800000, 0x0000000800000000)
  region size 2048K, 2 young (4096K), 2 survivors (4096K)
 Metaspace       used 66835K, committed 67520K, reserved 1114112K
  class space    used 9499K, committed 9792K, reserved 1048576K
}
Event: 13.030 GC heap before
{Heap before GC invocations=16 (full 0):
 garbage-first heap   total 83968K, used 72072K [0x0000000741800000, 0x0000000800000000)
  region size 2048K, 16 young (32768K), 2 survivors (4096K)
 Metaspace       used 68999K, committed 69696K, reserved 1114112K
  class space    used 9841K, committed 10176K, reserved 1048576K
}
Event: 13.034 GC heap after
{Heap after GC invocations=17 (full 0):
 garbage-first heap   total 83968K, used 46159K [0x0000000741800000, 0x0000000800000000)
  region size 2048K, 2 young (4096K), 2 survivors (4096K)
 Metaspace       used 68999K, committed 69696K, reserved 1114112K
  class space    used 9841K, committed 10176K, reserved 1048576K
}

